The system is: Linux - 2.6.33.9-rt31-aldebaran-rt - i686
Compiling the C compiler identification source file "CMakeCCompilerId.c" succeeded.
Compiler: /usr/bin/cc 
Build flags: 
Id flags: 

The output was:
0


Compilation of the C compiler identification source "CMakeCCompilerId.c" produced "a.out"

The C compiler identification is GNU, found in "/home/nao/testbhuman/libbhuman/cmakebhuman/build/CMakeFiles/2.8.11.1/CompilerIdC/a.out"

Compiling the CXX compiler identification source file "CMakeCXXCompilerId.cpp" succeeded.
Compiler: /usr/bin/g++ 
Build flags: 
Id flags: 

The output was:
0


Compilation of the CXX compiler identification source "CMakeCXXCompilerId.cpp" produced "a.out"

The CXX compiler identification is GNU, found in "/home/nao/testbhuman/libbhuman/cmakebhuman/build/CMakeFiles/2.8.11.1/CompilerIdCXX/a.out"

Determining if the C compiler works passed with the following output:
Change Dir: /home/nao/testbhuman/libbhuman/cmakebhuman/build/CMakeFiles/CMakeTmp

Run Build Command:/usr/bin/gmake "cmTryCompileExec2582852355/fast"
/usr/bin/gmake -f CMakeFiles/cmTryCompileExec2582852355.dir/build.make CMakeFiles/cmTryCompileExec2582852355.dir/build
gmake[1]: Entering directory `/home/nao/testbhuman/libbhuman/cmakebhuman/build/CMakeFiles/CMakeTmp'
/usr/bin/cmake -E cmake_progress_report /home/nao/testbhuman/libbhuman/cmakebhuman/build/CMakeFiles/CMakeTmp/CMakeFiles 1
Building C object CMakeFiles/cmTryCompileExec2582852355.dir/testCCompiler.c.o
/usr/bin/cc    -o CMakeFiles/cmTryCompileExec2582852355.dir/testCCompiler.c.o   -c /home/nao/testbhuman/libbhuman/cmakebhuman/build/CMakeFiles/CMakeTmp/testCCompiler.c
Linking C executable cmTryCompileExec2582852355
/usr/bin/cmake -E cmake_link_script CMakeFiles/cmTryCompileExec2582852355.dir/link.txt --verbose=1
/usr/bin/cc         CMakeFiles/cmTryCompileExec2582852355.dir/testCCompiler.c.o  -o cmTryCompileExec2582852355 -rdynamic 
gmake[1]: Leaving directory `/home/nao/testbhuman/libbhuman/cmakebhuman/build/CMakeFiles/CMakeTmp'


Detecting C compiler ABI info compiled with the following output:
Change Dir: /home/nao/testbhuman/libbhuman/cmakebhuman/build/CMakeFiles/CMakeTmp

Run Build Command:/usr/bin/gmake "cmTryCompileExec175971831/fast"
/usr/bin/gmake -f CMakeFiles/cmTryCompileExec175971831.dir/build.make CMakeFiles/cmTryCompileExec175971831.dir/build
gmake[1]: Entering directory `/home/nao/testbhuman/libbhuman/cmakebhuman/build/CMakeFiles/CMakeTmp'
/usr/bin/cmake -E cmake_progress_report /home/nao/testbhuman/libbhuman/cmakebhuman/build/CMakeFiles/CMakeTmp/CMakeFiles 1
Building C object CMakeFiles/cmTryCompileExec175971831.dir/CMakeCCompilerABI.c.o
/usr/bin/cc    -o CMakeFiles/cmTryCompileExec175971831.dir/CMakeCCompilerABI.c.o   -c /usr/share/cmake/Modules/CMakeCCompilerABI.c
Linking C executable cmTryCompileExec175971831
/usr/bin/cmake -E cmake_link_script CMakeFiles/cmTryCompileExec175971831.dir/link.txt --verbose=1
/usr/bin/cc       -v CMakeFiles/cmTryCompileExec175971831.dir/CMakeCCompilerABI.c.o  -o cmTryCompileExec175971831 -rdynamic  
Using built-in specs.
COLLECT_GCC=/usr/i686-pc-linux-gnu/gcc-bin/4.5.3/gcc
COLLECT_LTO_WRAPPER=/usr/libexec/gcc/i686-pc-linux-gnu/4.5.3/lto-wrapper
Target: i686-pc-linux-gnu
Configured with: /opennao-atom/tmp/portage/sys-devel/gcc-4.5.3-r1/work/gcc-4.5.3/configure --prefix=/usr --bindir=/usr/i686-pc-linux-gnu/gcc-bin/4.5.3 --includedir=/usr/lib/gcc/i686-pc-linux-gnu/4.5.3/include --datadir=/usr/share/gcc-data/i686-pc-linux-gnu/4.5.3 --mandir=/usr/share/gcc-data/i686-pc-linux-gnu/4.5.3/man --infodir=/usr/share/gcc-data/i686-pc-linux-gnu/4.5.3/info --with-gxx-include-dir=/usr/lib/gcc/i686-pc-linux-gnu/4.5.3/include/g++-v4 --host=i686-pc-linux-gnu --build=i686-pc-linux-gnu --disable-altivec --disable-fixed-point --without-ppl --without-cloog --disable-lto --enable-nls --without-included-gettext --with-system-zlib --disable-werror --enable-secureplt --disable-multilib --enable-libmudflap --disable-libssp --enable-libgomp --with-python-dir=/share/gcc-data/i686-pc-linux-gnu/4.5.3/python --enable-checking=release --disable-libgcj --with-arch=i686 --enable-languages=c,c++,fortran --enable-shared --enable-threads=posix --enable-__cxa_atexit --enable-clocale=gnu --enable-targets=all --with-bugurl=http://bugs.gentoo.org/ --with-pkgversion='Gentoo 4.5.3-r1 p1.0, pie-0.4.5'
Thread model: posix
gcc version 4.5.3 (Gentoo 4.5.3-r1 p1.0, pie-0.4.5) 
COMPILER_PATH=/usr/libexec/gcc/i686-pc-linux-gnu/4.5.3/:/usr/libexec/gcc/i686-pc-linux-gnu/4.5.3/:/usr/libexec/gcc/i686-pc-linux-gnu/:/usr/lib/gcc/i686-pc-linux-gnu/4.5.3/:/usr/lib/gcc/i686-pc-linux-gnu/:/usr/lib/gcc/i686-pc-linux-gnu/4.5.3/../../../../i686-pc-linux-gnu/bin/
LIBRARY_PATH=/usr/lib/gcc/i686-pc-linux-gnu/4.5.3/:/usr/lib/gcc/i686-pc-linux-gnu/4.5.3/../../../../i686-pc-linux-gnu/lib/../lib/:/usr/lib/gcc/i686-pc-linux-gnu/4.5.3/../../../../lib/:/lib/../lib/:/usr/lib/../lib/:/usr/lib/gcc/i686-pc-linux-gnu/4.5.3/../../../../i686-pc-linux-gnu/lib/:/usr/lib/gcc/i686-pc-linux-gnu/4.5.3/../../../:/lib/:/usr/lib/
COLLECT_GCC_OPTIONS='-v' '-o' 'cmTryCompileExec175971831' '-rdynamic' '-mtune=generic' '-march=i686'
 /usr/libexec/gcc/i686-pc-linux-gnu/4.5.3/collect2 --eh-frame-hdr -m elf_i386 -export-dynamic -dynamic-linker /lib/ld-linux.so.2 -o cmTryCompileExec175971831 /usr/lib/gcc/i686-pc-linux-gnu/4.5.3/../../../../lib/crt1.o /usr/lib/gcc/i686-pc-linux-gnu/4.5.3/../../../../lib/crti.o /usr/lib/gcc/i686-pc-linux-gnu/4.5.3/crtbegin.o -L/usr/lib/gcc/i686-pc-linux-gnu/4.5.3 -L/usr/lib/gcc/i686-pc-linux-gnu/4.5.3/../../../../i686-pc-linux-gnu/lib/../lib -L/usr/lib/gcc/i686-pc-linux-gnu/4.5.3/../../../../lib -L/lib/../lib -L/usr/lib/../lib -L/usr/lib/gcc/i686-pc-linux-gnu/4.5.3/../../../../i686-pc-linux-gnu/lib -L/usr/lib/gcc/i686-pc-linux-gnu/4.5.3/../../.. CMakeFiles/cmTryCompileExec175971831.dir/CMakeCCompilerABI.c.o -lgcc --as-needed -lgcc_s --no-as-needed -lc -lgcc --as-needed -lgcc_s --no-as-needed /usr/lib/gcc/i686-pc-linux-gnu/4.5.3/crtend.o /usr/lib/gcc/i686-pc-linux-gnu/4.5.3/../../../../lib/crtn.o
gmake[1]: Leaving directory `/home/nao/testbhuman/libbhuman/cmakebhuman/build/CMakeFiles/CMakeTmp'


Parsed C implicit link information from above output:
  link line regex: [^( *|.*[/\])(ld|ld|collect2)[^/\]*( |$)]
  ignore line: [Change Dir: /home/nao/testbhuman/libbhuman/cmakebhuman/build/CMakeFiles/CMakeTmp]
  ignore line: []
  ignore line: [Run Build Command:/usr/bin/gmake "cmTryCompileExec175971831/fast"]
  ignore line: [/usr/bin/gmake -f CMakeFiles/cmTryCompileExec175971831.dir/build.make CMakeFiles/cmTryCompileExec175971831.dir/build]
  ignore line: [gmake[1]: Entering directory `/home/nao/testbhuman/libbhuman/cmakebhuman/build/CMakeFiles/CMakeTmp']
  ignore line: [/usr/bin/cmake -E cmake_progress_report /home/nao/testbhuman/libbhuman/cmakebhuman/build/CMakeFiles/CMakeTmp/CMakeFiles 1]
  ignore line: [Building C object CMakeFiles/cmTryCompileExec175971831.dir/CMakeCCompilerABI.c.o]
  ignore line: [/usr/bin/cc    -o CMakeFiles/cmTryCompileExec175971831.dir/CMakeCCompilerABI.c.o   -c /usr/share/cmake/Modules/CMakeCCompilerABI.c]
  ignore line: [Linking C executable cmTryCompileExec175971831]
  ignore line: [/usr/bin/cmake -E cmake_link_script CMakeFiles/cmTryCompileExec175971831.dir/link.txt --verbose=1]
  ignore line: [/usr/bin/cc       -v CMakeFiles/cmTryCompileExec175971831.dir/CMakeCCompilerABI.c.o  -o cmTryCompileExec175971831 -rdynamic  ]
  ignore line: [Using built-in specs.]
  ignore line: [COLLECT_GCC=/usr/i686-pc-linux-gnu/gcc-bin/4.5.3/gcc]
  ignore line: [COLLECT_LTO_WRAPPER=/usr/libexec/gcc/i686-pc-linux-gnu/4.5.3/lto-wrapper]
  ignore line: [Target: i686-pc-linux-gnu]
  ignore line: [Configured with: /opennao-atom/tmp/portage/sys-devel/gcc-4.5.3-r1/work/gcc-4.5.3/configure --prefix=/usr --bindir=/usr/i686-pc-linux-gnu/gcc-bin/4.5.3 --includedir=/usr/lib/gcc/i686-pc-linux-gnu/4.5.3/include --datadir=/usr/share/gcc-data/i686-pc-linux-gnu/4.5.3 --mandir=/usr/share/gcc-data/i686-pc-linux-gnu/4.5.3/man --infodir=/usr/share/gcc-data/i686-pc-linux-gnu/4.5.3/info --with-gxx-include-dir=/usr/lib/gcc/i686-pc-linux-gnu/4.5.3/include/g++-v4 --host=i686-pc-linux-gnu --build=i686-pc-linux-gnu --disable-altivec --disable-fixed-point --without-ppl --without-cloog --disable-lto --enable-nls --without-included-gettext --with-system-zlib --disable-werror --enable-secureplt --disable-multilib --enable-libmudflap --disable-libssp --enable-libgomp --with-python-dir=/share/gcc-data/i686-pc-linux-gnu/4.5.3/python --enable-checking=release --disable-libgcj --with-arch=i686 --enable-languages=c,c++,fortran --enable-shared --enable-threads=posix --enable-__cxa_atexit --enable-clocale=gnu --enable-targets=all --with-bugurl=http://bugs.gentoo.org/ --with-pkgversion='Gentoo 4.5.3-r1 p1.0, pie-0.4.5']
  ignore line: [Thread model: posix]
  ignore line: [gcc version 4.5.3 (Gentoo 4.5.3-r1 p1.0, pie-0.4.5) ]
  ignore line: [COMPILER_PATH=/usr/libexec/gcc/i686-pc-linux-gnu/4.5.3/:/usr/libexec/gcc/i686-pc-linux-gnu/4.5.3/:/usr/libexec/gcc/i686-pc-linux-gnu/:/usr/lib/gcc/i686-pc-linux-gnu/4.5.3/:/usr/lib/gcc/i686-pc-linux-gnu/:/usr/lib/gcc/i686-pc-linux-gnu/4.5.3/../../../../i686-pc-linux-gnu/bin/]
  ignore line: [LIBRARY_PATH=/usr/lib/gcc/i686-pc-linux-gnu/4.5.3/:/usr/lib/gcc/i686-pc-linux-gnu/4.5.3/../../../../i686-pc-linux-gnu/lib/../lib/:/usr/lib/gcc/i686-pc-linux-gnu/4.5.3/../../../../lib/:/lib/../lib/:/usr/lib/../lib/:/usr/lib/gcc/i686-pc-linux-gnu/4.5.3/../../../../i686-pc-linux-gnu/lib/:/usr/lib/gcc/i686-pc-linux-gnu/4.5.3/../../../:/lib/:/usr/lib/]
  ignore line: [COLLECT_GCC_OPTIONS='-v' '-o' 'cmTryCompileExec175971831' '-rdynamic' '-mtune=generic' '-march=i686']
  link line: [ /usr/libexec/gcc/i686-pc-linux-gnu/4.5.3/collect2 --eh-frame-hdr -m elf_i386 -export-dynamic -dynamic-linker /lib/ld-linux.so.2 -o cmTryCompileExec175971831 /usr/lib/gcc/i686-pc-linux-gnu/4.5.3/../../../../lib/crt1.o /usr/lib/gcc/i686-pc-linux-gnu/4.5.3/../../../../lib/crti.o /usr/lib/gcc/i686-pc-linux-gnu/4.5.3/crtbegin.o -L/usr/lib/gcc/i686-pc-linux-gnu/4.5.3 -L/usr/lib/gcc/i686-pc-linux-gnu/4.5.3/../../../../i686-pc-linux-gnu/lib/../lib -L/usr/lib/gcc/i686-pc-linux-gnu/4.5.3/../../../../lib -L/lib/../lib -L/usr/lib/../lib -L/usr/lib/gcc/i686-pc-linux-gnu/4.5.3/../../../../i686-pc-linux-gnu/lib -L/usr/lib/gcc/i686-pc-linux-gnu/4.5.3/../../.. CMakeFiles/cmTryCompileExec175971831.dir/CMakeCCompilerABI.c.o -lgcc --as-needed -lgcc_s --no-as-needed -lc -lgcc --as-needed -lgcc_s --no-as-needed /usr/lib/gcc/i686-pc-linux-gnu/4.5.3/crtend.o /usr/lib/gcc/i686-pc-linux-gnu/4.5.3/../../../../lib/crtn.o]
    arg [/usr/libexec/gcc/i686-pc-linux-gnu/4.5.3/collect2] ==> ignore
    arg [--eh-frame-hdr] ==> ignore
    arg [-m] ==> ignore
    arg [elf_i386] ==> ignore
    arg [-export-dynamic] ==> ignore
    arg [-dynamic-linker] ==> ignore
    arg [/lib/ld-linux.so.2] ==> ignore
    arg [-o] ==> ignore
    arg [cmTryCompileExec175971831] ==> ignore
    arg [/usr/lib/gcc/i686-pc-linux-gnu/4.5.3/../../../../lib/crt1.o] ==> ignore
    arg [/usr/lib/gcc/i686-pc-linux-gnu/4.5.3/../../../../lib/crti.o] ==> ignore
    arg [/usr/lib/gcc/i686-pc-linux-gnu/4.5.3/crtbegin.o] ==> ignore
    arg [-L/usr/lib/gcc/i686-pc-linux-gnu/4.5.3] ==> dir [/usr/lib/gcc/i686-pc-linux-gnu/4.5.3]
    arg [-L/usr/lib/gcc/i686-pc-linux-gnu/4.5.3/../../../../i686-pc-linux-gnu/lib/../lib] ==> dir [/usr/lib/gcc/i686-pc-linux-gnu/4.5.3/../../../../i686-pc-linux-gnu/lib/../lib]
    arg [-L/usr/lib/gcc/i686-pc-linux-gnu/4.5.3/../../../../lib] ==> dir [/usr/lib/gcc/i686-pc-linux-gnu/4.5.3/../../../../lib]
    arg [-L/lib/../lib] ==> dir [/lib/../lib]
    arg [-L/usr/lib/../lib] ==> dir [/usr/lib/../lib]
    arg [-L/usr/lib/gcc/i686-pc-linux-gnu/4.5.3/../../../../i686-pc-linux-gnu/lib] ==> dir [/usr/lib/gcc/i686-pc-linux-gnu/4.5.3/../../../../i686-pc-linux-gnu/lib]
    arg [-L/usr/lib/gcc/i686-pc-linux-gnu/4.5.3/../../..] ==> dir [/usr/lib/gcc/i686-pc-linux-gnu/4.5.3/../../..]
    arg [CMakeFiles/cmTryCompileExec175971831.dir/CMakeCCompilerABI.c.o] ==> ignore
    arg [-lgcc] ==> lib [gcc]
    arg [--as-needed] ==> ignore
    arg [-lgcc_s] ==> lib [gcc_s]
    arg [--no-as-needed] ==> ignore
    arg [-lc] ==> lib [c]
    arg [-lgcc] ==> lib [gcc]
    arg [--as-needed] ==> ignore
    arg [-lgcc_s] ==> lib [gcc_s]
    arg [--no-as-needed] ==> ignore
    arg [/usr/lib/gcc/i686-pc-linux-gnu/4.5.3/crtend.o] ==> ignore
    arg [/usr/lib/gcc/i686-pc-linux-gnu/4.5.3/../../../../lib/crtn.o] ==> ignore
  remove lib [gcc]
  remove lib [gcc_s]
  remove lib [gcc]
  remove lib [gcc_s]
  collapse library dir [/usr/lib/gcc/i686-pc-linux-gnu/4.5.3] ==> [/usr/lib/gcc/i686-pc-linux-gnu/4.5.3]
  collapse library dir [/usr/lib/gcc/i686-pc-linux-gnu/4.5.3/../../../../i686-pc-linux-gnu/lib/../lib] ==> [/usr/i686-pc-linux-gnu/lib]
  collapse library dir [/usr/lib/gcc/i686-pc-linux-gnu/4.5.3/../../../../lib] ==> [/usr/lib]
  collapse library dir [/lib/../lib] ==> [/lib]
  collapse library dir [/usr/lib/../lib] ==> [/usr/lib]
  collapse library dir [/usr/lib/gcc/i686-pc-linux-gnu/4.5.3/../../../../i686-pc-linux-gnu/lib] ==> [/usr/i686-pc-linux-gnu/lib]
  collapse library dir [/usr/lib/gcc/i686-pc-linux-gnu/4.5.3/../../..] ==> [/usr/lib]
  implicit libs: [c]
  implicit dirs: [/usr/lib/gcc/i686-pc-linux-gnu/4.5.3;/usr/i686-pc-linux-gnu/lib;/usr/lib;/lib]
  implicit fwks: []


Determining if the CXX compiler works passed with the following output:
Change Dir: /home/nao/testbhuman/libbhuman/cmakebhuman/build/CMakeFiles/CMakeTmp

Run Build Command:/usr/bin/gmake "cmTryCompileExec3756259825/fast"
/usr/bin/gmake -f CMakeFiles/cmTryCompileExec3756259825.dir/build.make CMakeFiles/cmTryCompileExec3756259825.dir/build
gmake[1]: Entering directory `/home/nao/testbhuman/libbhuman/cmakebhuman/build/CMakeFiles/CMakeTmp'
/usr/bin/cmake -E cmake_progress_report /home/nao/testbhuman/libbhuman/cmakebhuman/build/CMakeFiles/CMakeTmp/CMakeFiles 1
Building CXX object CMakeFiles/cmTryCompileExec3756259825.dir/testCXXCompiler.cxx.o
/usr/bin/g++     -o CMakeFiles/cmTryCompileExec3756259825.dir/testCXXCompiler.cxx.o -c /home/nao/testbhuman/libbhuman/cmakebhuman/build/CMakeFiles/CMakeTmp/testCXXCompiler.cxx
Linking CXX executable cmTryCompileExec3756259825
/usr/bin/cmake -E cmake_link_script CMakeFiles/cmTryCompileExec3756259825.dir/link.txt --verbose=1
/usr/bin/g++          CMakeFiles/cmTryCompileExec3756259825.dir/testCXXCompiler.cxx.o  -o cmTryCompileExec3756259825 -rdynamic 
gmake[1]: Leaving directory `/home/nao/testbhuman/libbhuman/cmakebhuman/build/CMakeFiles/CMakeTmp'


Detecting CXX compiler ABI info compiled with the following output:
Change Dir: /home/nao/testbhuman/libbhuman/cmakebhuman/build/CMakeFiles/CMakeTmp

Run Build Command:/usr/bin/gmake "cmTryCompileExec4032707970/fast"
/usr/bin/gmake -f CMakeFiles/cmTryCompileExec4032707970.dir/build.make CMakeFiles/cmTryCompileExec4032707970.dir/build
gmake[1]: Entering directory `/home/nao/testbhuman/libbhuman/cmakebhuman/build/CMakeFiles/CMakeTmp'
/usr/bin/cmake -E cmake_progress_report /home/nao/testbhuman/libbhuman/cmakebhuman/build/CMakeFiles/CMakeTmp/CMakeFiles 1
Building CXX object CMakeFiles/cmTryCompileExec4032707970.dir/CMakeCXXCompilerABI.cpp.o
/usr/bin/g++     -o CMakeFiles/cmTryCompileExec4032707970.dir/CMakeCXXCompilerABI.cpp.o -c /usr/share/cmake/Modules/CMakeCXXCompilerABI.cpp
Linking CXX executable cmTryCompileExec4032707970
/usr/bin/cmake -E cmake_link_script CMakeFiles/cmTryCompileExec4032707970.dir/link.txt --verbose=1
/usr/bin/g++        -v CMakeFiles/cmTryCompileExec4032707970.dir/CMakeCXXCompilerABI.cpp.o  -o cmTryCompileExec4032707970 -rdynamic  
Using built-in specs.
COLLECT_GCC=/usr/i686-pc-linux-gnu/gcc-bin/4.5.3/g++
COLLECT_LTO_WRAPPER=/usr/libexec/gcc/i686-pc-linux-gnu/4.5.3/lto-wrapper
Target: i686-pc-linux-gnu
Configured with: /opennao-atom/tmp/portage/sys-devel/gcc-4.5.3-r1/work/gcc-4.5.3/configure --prefix=/usr --bindir=/usr/i686-pc-linux-gnu/gcc-bin/4.5.3 --includedir=/usr/lib/gcc/i686-pc-linux-gnu/4.5.3/include --datadir=/usr/share/gcc-data/i686-pc-linux-gnu/4.5.3 --mandir=/usr/share/gcc-data/i686-pc-linux-gnu/4.5.3/man --infodir=/usr/share/gcc-data/i686-pc-linux-gnu/4.5.3/info --with-gxx-include-dir=/usr/lib/gcc/i686-pc-linux-gnu/4.5.3/include/g++-v4 --host=i686-pc-linux-gnu --build=i686-pc-linux-gnu --disable-altivec --disable-fixed-point --without-ppl --without-cloog --disable-lto --enable-nls --without-included-gettext --with-system-zlib --disable-werror --enable-secureplt --disable-multilib --enable-libmudflap --disable-libssp --enable-libgomp --with-python-dir=/share/gcc-data/i686-pc-linux-gnu/4.5.3/python --enable-checking=release --disable-libgcj --with-arch=i686 --enable-languages=c,c++,fortran --enable-shared --enable-threads=posix --enable-__cxa_atexit --enable-clocale=gnu --enable-targets=all --with-bugurl=http://bugs.gentoo.org/ --with-pkgversion='Gentoo 4.5.3-r1 p1.0, pie-0.4.5'
Thread model: posix
gcc version 4.5.3 (Gentoo 4.5.3-r1 p1.0, pie-0.4.5) 
COMPILER_PATH=/usr/libexec/gcc/i686-pc-linux-gnu/4.5.3/:/usr/libexec/gcc/i686-pc-linux-gnu/4.5.3/:/usr/libexec/gcc/i686-pc-linux-gnu/:/usr/lib/gcc/i686-pc-linux-gnu/4.5.3/:/usr/lib/gcc/i686-pc-linux-gnu/:/usr/lib/gcc/i686-pc-linux-gnu/4.5.3/../../../../i686-pc-linux-gnu/bin/
LIBRARY_PATH=/usr/lib/gcc/i686-pc-linux-gnu/4.5.3/:/usr/lib/gcc/i686-pc-linux-gnu/4.5.3/../../../../i686-pc-linux-gnu/lib/../lib/:/usr/lib/gcc/i686-pc-linux-gnu/4.5.3/../../../../lib/:/lib/../lib/:/usr/lib/../lib/:/usr/lib/gcc/i686-pc-linux-gnu/4.5.3/../../../../i686-pc-linux-gnu/lib/:/usr/lib/gcc/i686-pc-linux-gnu/4.5.3/../../../:/lib/:/usr/lib/
COLLECT_GCC_OPTIONS='-v' '-o' 'cmTryCompileExec4032707970' '-rdynamic' '-shared-libgcc' '-mtune=generic' '-march=i686'
 /usr/libexec/gcc/i686-pc-linux-gnu/4.5.3/collect2 --eh-frame-hdr -m elf_i386 -export-dynamic -dynamic-linker /lib/ld-linux.so.2 -o cmTryCompileExec4032707970 /usr/lib/gcc/i686-pc-linux-gnu/4.5.3/../../../../lib/crt1.o /usr/lib/gcc/i686-pc-linux-gnu/4.5.3/../../../../lib/crti.o /usr/lib/gcc/i686-pc-linux-gnu/4.5.3/crtbegin.o -L/usr/lib/gcc/i686-pc-linux-gnu/4.5.3 -L/usr/lib/gcc/i686-pc-linux-gnu/4.5.3/../../../../i686-pc-linux-gnu/lib/../lib -L/usr/lib/gcc/i686-pc-linux-gnu/4.5.3/../../../../lib -L/lib/../lib -L/usr/lib/../lib -L/usr/lib/gcc/i686-pc-linux-gnu/4.5.3/../../../../i686-pc-linux-gnu/lib -L/usr/lib/gcc/i686-pc-linux-gnu/4.5.3/../../.. CMakeFiles/cmTryCompileExec4032707970.dir/CMakeCXXCompilerABI.cpp.o -lstdc++ -lm -lgcc_s -lgcc -lc -lgcc_s -lgcc /usr/lib/gcc/i686-pc-linux-gnu/4.5.3/crtend.o /usr/lib/gcc/i686-pc-linux-gnu/4.5.3/../../../../lib/crtn.o
gmake[1]: Leaving directory `/home/nao/testbhuman/libbhuman/cmakebhuman/build/CMakeFiles/CMakeTmp'


Parsed CXX implicit link information from above output:
  link line regex: [^( *|.*[/\])(ld|ld|collect2)[^/\]*( |$)]
  ignore line: [Change Dir: /home/nao/testbhuman/libbhuman/cmakebhuman/build/CMakeFiles/CMakeTmp]
  ignore line: []
  ignore line: [Run Build Command:/usr/bin/gmake "cmTryCompileExec4032707970/fast"]
  ignore line: [/usr/bin/gmake -f CMakeFiles/cmTryCompileExec4032707970.dir/build.make CMakeFiles/cmTryCompileExec4032707970.dir/build]
  ignore line: [gmake[1]: Entering directory `/home/nao/testbhuman/libbhuman/cmakebhuman/build/CMakeFiles/CMakeTmp']
  ignore line: [/usr/bin/cmake -E cmake_progress_report /home/nao/testbhuman/libbhuman/cmakebhuman/build/CMakeFiles/CMakeTmp/CMakeFiles 1]
  ignore line: [Building CXX object CMakeFiles/cmTryCompileExec4032707970.dir/CMakeCXXCompilerABI.cpp.o]
  ignore line: [/usr/bin/g++     -o CMakeFiles/cmTryCompileExec4032707970.dir/CMakeCXXCompilerABI.cpp.o -c /usr/share/cmake/Modules/CMakeCXXCompilerABI.cpp]
  ignore line: [Linking CXX executable cmTryCompileExec4032707970]
  ignore line: [/usr/bin/cmake -E cmake_link_script CMakeFiles/cmTryCompileExec4032707970.dir/link.txt --verbose=1]
  ignore line: [/usr/bin/g++        -v CMakeFiles/cmTryCompileExec4032707970.dir/CMakeCXXCompilerABI.cpp.o  -o cmTryCompileExec4032707970 -rdynamic  ]
  ignore line: [Using built-in specs.]
  ignore line: [COLLECT_GCC=/usr/i686-pc-linux-gnu/gcc-bin/4.5.3/g++]
  ignore line: [COLLECT_LTO_WRAPPER=/usr/libexec/gcc/i686-pc-linux-gnu/4.5.3/lto-wrapper]
  ignore line: [Target: i686-pc-linux-gnu]
  ignore line: [Configured with: /opennao-atom/tmp/portage/sys-devel/gcc-4.5.3-r1/work/gcc-4.5.3/configure --prefix=/usr --bindir=/usr/i686-pc-linux-gnu/gcc-bin/4.5.3 --includedir=/usr/lib/gcc/i686-pc-linux-gnu/4.5.3/include --datadir=/usr/share/gcc-data/i686-pc-linux-gnu/4.5.3 --mandir=/usr/share/gcc-data/i686-pc-linux-gnu/4.5.3/man --infodir=/usr/share/gcc-data/i686-pc-linux-gnu/4.5.3/info --with-gxx-include-dir=/usr/lib/gcc/i686-pc-linux-gnu/4.5.3/include/g++-v4 --host=i686-pc-linux-gnu --build=i686-pc-linux-gnu --disable-altivec --disable-fixed-point --without-ppl --without-cloog --disable-lto --enable-nls --without-included-gettext --with-system-zlib --disable-werror --enable-secureplt --disable-multilib --enable-libmudflap --disable-libssp --enable-libgomp --with-python-dir=/share/gcc-data/i686-pc-linux-gnu/4.5.3/python --enable-checking=release --disable-libgcj --with-arch=i686 --enable-languages=c,c++,fortran --enable-shared --enable-threads=posix --enable-__cxa_atexit --enable-clocale=gnu --enable-targets=all --with-bugurl=http://bugs.gentoo.org/ --with-pkgversion='Gentoo 4.5.3-r1 p1.0, pie-0.4.5']
  ignore line: [Thread model: posix]
  ignore line: [gcc version 4.5.3 (Gentoo 4.5.3-r1 p1.0, pie-0.4.5) ]
  ignore line: [COMPILER_PATH=/usr/libexec/gcc/i686-pc-linux-gnu/4.5.3/:/usr/libexec/gcc/i686-pc-linux-gnu/4.5.3/:/usr/libexec/gcc/i686-pc-linux-gnu/:/usr/lib/gcc/i686-pc-linux-gnu/4.5.3/:/usr/lib/gcc/i686-pc-linux-gnu/:/usr/lib/gcc/i686-pc-linux-gnu/4.5.3/../../../../i686-pc-linux-gnu/bin/]
  ignore line: [LIBRARY_PATH=/usr/lib/gcc/i686-pc-linux-gnu/4.5.3/:/usr/lib/gcc/i686-pc-linux-gnu/4.5.3/../../../../i686-pc-linux-gnu/lib/../lib/:/usr/lib/gcc/i686-pc-linux-gnu/4.5.3/../../../../lib/:/lib/../lib/:/usr/lib/../lib/:/usr/lib/gcc/i686-pc-linux-gnu/4.5.3/../../../../i686-pc-linux-gnu/lib/:/usr/lib/gcc/i686-pc-linux-gnu/4.5.3/../../../:/lib/:/usr/lib/]
  ignore line: [COLLECT_GCC_OPTIONS='-v' '-o' 'cmTryCompileExec4032707970' '-rdynamic' '-shared-libgcc' '-mtune=generic' '-march=i686']
  link line: [ /usr/libexec/gcc/i686-pc-linux-gnu/4.5.3/collect2 --eh-frame-hdr -m elf_i386 -export-dynamic -dynamic-linker /lib/ld-linux.so.2 -o cmTryCompileExec4032707970 /usr/lib/gcc/i686-pc-linux-gnu/4.5.3/../../../../lib/crt1.o /usr/lib/gcc/i686-pc-linux-gnu/4.5.3/../../../../lib/crti.o /usr/lib/gcc/i686-pc-linux-gnu/4.5.3/crtbegin.o -L/usr/lib/gcc/i686-pc-linux-gnu/4.5.3 -L/usr/lib/gcc/i686-pc-linux-gnu/4.5.3/../../../../i686-pc-linux-gnu/lib/../lib -L/usr/lib/gcc/i686-pc-linux-gnu/4.5.3/../../../../lib -L/lib/../lib -L/usr/lib/../lib -L/usr/lib/gcc/i686-pc-linux-gnu/4.5.3/../../../../i686-pc-linux-gnu/lib -L/usr/lib/gcc/i686-pc-linux-gnu/4.5.3/../../.. CMakeFiles/cmTryCompileExec4032707970.dir/CMakeCXXCompilerABI.cpp.o -lstdc++ -lm -lgcc_s -lgcc -lc -lgcc_s -lgcc /usr/lib/gcc/i686-pc-linux-gnu/4.5.3/crtend.o /usr/lib/gcc/i686-pc-linux-gnu/4.5.3/../../../../lib/crtn.o]
    arg [/usr/libexec/gcc/i686-pc-linux-gnu/4.5.3/collect2] ==> ignore
    arg [--eh-frame-hdr] ==> ignore
    arg [-m] ==> ignore
    arg [elf_i386] ==> ignore
    arg [-export-dynamic] ==> ignore
    arg [-dynamic-linker] ==> ignore
    arg [/lib/ld-linux.so.2] ==> ignore
    arg [-o] ==> ignore
    arg [cmTryCompileExec4032707970] ==> ignore
    arg [/usr/lib/gcc/i686-pc-linux-gnu/4.5.3/../../../../lib/crt1.o] ==> ignore
    arg [/usr/lib/gcc/i686-pc-linux-gnu/4.5.3/../../../../lib/crti.o] ==> ignore
    arg [/usr/lib/gcc/i686-pc-linux-gnu/4.5.3/crtbegin.o] ==> ignore
    arg [-L/usr/lib/gcc/i686-pc-linux-gnu/4.5.3] ==> dir [/usr/lib/gcc/i686-pc-linux-gnu/4.5.3]
    arg [-L/usr/lib/gcc/i686-pc-linux-gnu/4.5.3/../../../../i686-pc-linux-gnu/lib/../lib] ==> dir [/usr/lib/gcc/i686-pc-linux-gnu/4.5.3/../../../../i686-pc-linux-gnu/lib/../lib]
    arg [-L/usr/lib/gcc/i686-pc-linux-gnu/4.5.3/../../../../lib] ==> dir [/usr/lib/gcc/i686-pc-linux-gnu/4.5.3/../../../../lib]
    arg [-L/lib/../lib] ==> dir [/lib/../lib]
    arg [-L/usr/lib/../lib] ==> dir [/usr/lib/../lib]
    arg [-L/usr/lib/gcc/i686-pc-linux-gnu/4.5.3/../../../../i686-pc-linux-gnu/lib] ==> dir [/usr/lib/gcc/i686-pc-linux-gnu/4.5.3/../../../../i686-pc-linux-gnu/lib]
    arg [-L/usr/lib/gcc/i686-pc-linux-gnu/4.5.3/../../..] ==> dir [/usr/lib/gcc/i686-pc-linux-gnu/4.5.3/../../..]
    arg [CMakeFiles/cmTryCompileExec4032707970.dir/CMakeCXXCompilerABI.cpp.o] ==> ignore
    arg [-lstdc++] ==> lib [stdc++]
    arg [-lm] ==> lib [m]
    arg [-lgcc_s] ==> lib [gcc_s]
    arg [-lgcc] ==> lib [gcc]
    arg [-lc] ==> lib [c]
    arg [-lgcc_s] ==> lib [gcc_s]
    arg [-lgcc] ==> lib [gcc]
    arg [/usr/lib/gcc/i686-pc-linux-gnu/4.5.3/crtend.o] ==> ignore
    arg [/usr/lib/gcc/i686-pc-linux-gnu/4.5.3/../../../../lib/crtn.o] ==> ignore
  remove lib [gcc_s]
  remove lib [gcc]
  remove lib [gcc_s]
  remove lib [gcc]
  collapse library dir [/usr/lib/gcc/i686-pc-linux-gnu/4.5.3] ==> [/usr/lib/gcc/i686-pc-linux-gnu/4.5.3]
  collapse library dir [/usr/lib/gcc/i686-pc-linux-gnu/4.5.3/../../../../i686-pc-linux-gnu/lib/../lib] ==> [/usr/i686-pc-linux-gnu/lib]
  collapse library dir [/usr/lib/gcc/i686-pc-linux-gnu/4.5.3/../../../../lib] ==> [/usr/lib]
  collapse library dir [/lib/../lib] ==> [/lib]
  collapse library dir [/usr/lib/../lib] ==> [/usr/lib]
  collapse library dir [/usr/lib/gcc/i686-pc-linux-gnu/4.5.3/../../../../i686-pc-linux-gnu/lib] ==> [/usr/i686-pc-linux-gnu/lib]
  collapse library dir [/usr/lib/gcc/i686-pc-linux-gnu/4.5.3/../../..] ==> [/usr/lib]
  implicit libs: [stdc++;m;c]
  implicit dirs: [/usr/lib/gcc/i686-pc-linux-gnu/4.5.3;/usr/i686-pc-linux-gnu/lib;/usr/lib;/lib]
  implicit fwks: []


